0	1504669696	808926474
1	1829515264	874559559
2	1894232064	985493228
3	1940549632	979145550
4	1980133376	978707116
5	2027851776	977868883
6	2069413888	979334128
7	2123829248	980922804
8	2166947840	982457984
9	2229207040	979443596
10	2252464128	983840185
11	2300567552	976235207
12	2344476672	969075726
13	2390089728	977058782
14	2437931008	980788456
15	2486296576	984426122
16	2521161728	978169249
17	2565201920	978863663
18	2613698560	987848435
19	2661470208	979854076
20	2700005376	981323934
21	2745225216	981676622
22	2797260800	982629474
23	2853621760	980172125
24	2896089088	980251142
25	2931478528	984786771
26	2964115456	976503130
27	3001733120	982436815
28	3047739392	979706571
29	3102265344	986313374
30	3149320192	979270230
31	3185102848	979456570
32	3218526208	976785190
33	3254308864	979469851
34	3293630464	977432882
35	3332296704	982778731
36	3370045440	982124027
37	3405041664	981344796
38	3438071808	978388579
39	3477131264	975768880
40	3509243904	980023880
41	3560493056	979284916
42	3607023616	983538796
43	3648045056	984498070
44	3683565568	979556999
45	3720921088	980689570
46	3786719232	977458229
47	3826171904	978240462
48	3856449536	982198512
49	3887513600	976790645
50	3933650944	979891726
51	3963535360	979283506
52	4012949504	979309541
53	4049125376	980149349
54	4103389184	979386672
55	4170760192	979642258
56	4227645440	985337729
57	4291346432	992122768
58	4345348096	979467474
59	4399874048	979301846
60	4411932672	986253344
61	4660838400	993533272
62	4926652416	995173214
63	4995072000	1002016647
64	5003460608	1002503983
65	5003460608	1003504468
66	5003460608	1003517844
67	5248565248	998383720
68	5463261184	994666429
69	5732220928	996120388
70	6002360320	994100843
71	6040764416	1000858303
72	6049415168	1003495814
73	6059376640	991518294
74	6064095232	990507332
75	6072614912	1001739605
76	6074449920	997481570
77	6074449920	1003362148
78	6078906368	1003315513
79	6078906368	1004077302
80	6078906368	1004077655
81	6080086016	1004078104
82	6115999744	1004077966
83	6140641280	1004078025
84	6144966656	1004078218
85	6221643776	992804661
86	6275252224	963040464
87	6328991744	981837754
88	6392692736	977298540
89	6451806208	990033873
90	6512361472	986071731
91	6583926784	986159008
92	6653919232	985556163
93	6725877760	973242447
94	6802292736	969374943
95	6876872704	975448064
96	6945816576	978933061
97	7018168320	989318132
98	7103234048	990813469
99	7181221888	976895087
100	7508377600	979951493
101	7508639744	1003135982
102	7508639744	1003505955
103	7508770816	1001829617
104	7508770816	1003464608
105	7508901888	1003431393
106	7508901888	1003513870
107	7509032960	1002390555
108	7509295104	1002052187
109	7509295104	1003526598
110	7509295104	1002514719
111	7509426176	1002213602
112	7509426176	1003474089
113	7509557248	1002732694
114	7509557248	1004072441
115	7509950464	1003107931
116	7509950464	1004075182
117	7509950464	1004078308
118	7514406912	1004077959
119	7522271232	1004077740
120	7522271232	1004078149
121	7522271232	1003072035
122	7522271232	1004077941
123	7522271232	1004077974
124	7527120896	1005078019
125	7527120896	1004073109
126	7527120896	1004077379
127	7527120896	1004078283
128	7527120896	1004077724
129	7527120896	1004077804
130	7527120896	1004079010
131	7527120896	1004077855
132	7527120896	1004078245
133	7539965952	1004077330
134	7539965952	1004077907
135	7539965952	1004077998
136	7554252800	1004078171
137	7554252800	1004077925
138	7559102464	1004077816
139	7559102464	1004077954
140	7559102464	1004078481
141	7559102464	1004077278
142	7559102464	1004078163
143	7559102464	1004078083
144	7559102464	1004077783
145	7579287552	1004077820
146	7579287552	1003078177
147	7579287552	1004077859
148	7579287552	1004077887
149	7579287552	1004078621
150	7579287552	1004078041
151	7579287552	1004077589
152	7579287552	1004078076
153	7612841984	1004077492
154	7612841984	1004073068
155	7612841984	1003845392
156	7612841984	1003505326
157	7612841984	1003463031
158	7612841984	1003466156
159	7612841984	1003452434
160	7612841984	1002479808
161	7612841984	1003484484
162	7612841984	1003463689
163	7612841984	1003444476
164	7646396416	1003489382
165	7646396416	1003451812
166	7646396416	1003462930
167	7646396416	1003401263
168	7626174464	1004512674
169	7626174464	1003453836
170	7626174464	1003499750
171	7626174464	1003439676
172	7626174464	1003483045
173	7626174464	1003389128
174	7626174464	1003496292
175	7592652800	1004467606
176	7592652800	1003536287
177	7592652800	1003399377
178	7592652800	1004502718
179	7592652800	1003484522
180	7592652800	1003503203
181	7592652800	1003412172
182	7595274240	1003510161
183	7596191744	1003468969
184	7596191744	1003513586
185	7596191744	1003455138
186	7542272000	1003517256
187	7542272000	1003445096
188	7542272000	1004523186
189	7543287808	995218532
190	7547219968	984855703
191	7554560000	991366356
192	7587328000	1003930791
193	7621013504	1004072580
194	7658369024	1004077881
195	7711322112	1004077837
196	7703588864	1004078270
197	7716302848	1004077915
198	7761260544	1004077994
199	7775023104	1004078098
200	7726608384	999904424
201	7731195904	978350620
202	7736700928	989278710
203	7789785088	1004500943
204	7836315648	1003418509
205	7882190848	1003495872
206	7901720576	1002493111
207	7884812288	1003553875
208	7927279616	1003452705
209	7882309632	1001063925
210	7886110720	981362993
211	7889911808	984199111
212	7935131648	1003474460
213	7982055424	1004073814
214	8034746368	1004068461
215	8053751808	1004074158
216	8037498880	1004075161
217	8079966208	1004074068
218	8095432704	1004074768
219	8193712128	1003074223
220	8077594624	986292283
221	8080347136	987036528
222	8080347136	1003249636
223	8116523008	1004073661
224	8175767552	1004073796
225	8205914112	1004064464
226	8193724416	1004074101
227	8271187968	1004073880
228	8251265024	1003073631
229	8242507776	1004074228
230	8240496640	985650316
231	8244953088	976370127
232	8245477376	999952147
233	8273526784	1004073582
234	8313896960	1003888607
235	8359641088	1005073210
236	8352169984	1003064649
237	8366063616	1004065642
238	8409972736	1004061056
239	8425046016	1004074686
240	8439595008	1004074302
241	8405245952	996453542
242	8408915968	984026545
243	8409964544	996298142
244	8446140416	1003461707
245	8484282368	1003505683
246	8538677248	1003511036
247	8561614848	1003523579
248	8542216192	1003461812
249	8585863168	1002508593
250	8600674304	1003453589
251	8568406016	1001695473
252	8573255680	976526219
253	8574435328	996181259
254	8597241856	1004078209
255	8630665216	1004077896
256	8668151808	1005078034
257	8711274496	1004077904
258	8700526592	1004078195
259	8736309248	1004065926
260	8757149696	1004078246
261	8731594752	1004072002
262	8736157696	983294301
263	8738910208	986392496
264	8755556352	1001782217
265	8786751488	1004073341
266	8830529536	1004073227
267	8869195776	1004073400
268	8861724672	1004074045
269	8875487232	1004075050
270	8919527424	1004072975
271	8925839360	1004073139
272	8898224128	992432031
273	8900714496	984854828
274	8901894144	994256623
275	8940036096	1003473963
276	8986566656	1003514631
277	9032704000	1003444737
278	9052233728	1003766694
279	9034932224	1004078159
280	9078185984	1004077820
281	9093783552	1003077919
282	9108725760	1004077831
283	9122881536	1004078247
284	9158230016	961774915
285	9161637888	737566776
286	9163997184	987422580
287	9165176832	997380626
288	9165176832	1003528771
289	9198731264	1004479542
290	9232285696	1002532327
291	9223766016	1003478026
292	9237921792	1004458419
293	9281830912	1003485507
294	9296904192	1002496255
295	9311584256	1056735459
296	9342525440	1000676228
297	9344753664	987377216
298	9347112960	985963939
299	9347112960	1003480488
300	9347112960	1003511611
301	9384599552	1003478423
302	9426542592	1003517756
303	9415925760	1003481334
304	9442402304	1003457009
305	9473859584	1003507974
306	9488932864	1003511580
307	9503875072	1003488216
308	9496842240	1003496368
309	9474203648	981799477
310	9476825088	985716781
311	9492684800	1004729907
312	9522307072	1003077401
313	9588367360	1004077858
314	9613402112	1004078328
315	9601081344	1004077914
316	9670025216	1004077716
317	9659539456	1004078227
318	9674350592	1004078113
319	9688899584	1004078397
320	9715212288	994113546
321	9720586240	973703820
322	9721110528	999221052
323	9721110528	1002839266
324	9754664960	1004077938
325	9788219392	1004078030
326	9811812352	1004077757
327	9792151552	1004078210
328	9836060672	1004078004
329	9851265024	1003077912
330	9864765440	1004077748
331	9888079872	1002534140
332	9889783808	988223195
333	9890963456	997135763
334	9890963456	1003476563
335	9924517888	1003517486
336	9958072320	1004493546
337	9950076928	1002518791
338	9964363776	1003463172
339	10008272896	1003497918
340	10023346176	1003472956
341	10038026240	1003512571
342	10055311360	997206154
343	10057408512	988541147
344	10058457088	996874051
345	10058457088	1004064429
346	10092011520	1004073554
347	10131202048	1004073614
348	10123599872	1004074405
349	10137362432	1004074350
350	10181533696	1004073238
351	10195951616	1004073395
352	10211287040	1004074676
353	10225049600	1004074833
354	10180681728	999600353
355	10182254592	990555870
356	10197983232	1003441023
357	10256441344	1003524614
358	10298384384	1003461063
359	10330759168	1003520473
360	10316734464	1003537208
361	10395115520	1003503607
362	10376110080	1003555054
363	10390790144	1002447948
364	10366636032	1002536108
365	10350694400	630421470
366	10351480832	992584887
367	10361442304	999461049
368	10395127808	1003590141
369	10442969088	1004063408
370	10493693952	1004074214
371	10488582144	1004074378
372	10502606848	1004074697
373	10547433472	1004074339
374	10562899968	1004074254
375	10511323136	938236468
376	10516434944	893367520
377	10533212160	1002649781
378	10558377984	1002681341
379	10642788352	995722749
380	10643705856	996395263
381	10643705856	1003468434
382	10683027456	1004502423
383	10718547968	1003505509
384	10751315968	1003781037
385	10731655168	1004074024
386	10775171072	1004074257
387	10790244352	1004073985
388	10805186560	1004074213
389	10819997696	1004074659
390	10770878464	999067834
391	10771664896	993510658
392	10779922432	1003525917
393	10833399808	1003440743
394	10899722240	1003536207
395	10913353728	1003403722
396	10900115456	1003410886
397	10978365440	1004515408
398	10957918208	1002533820
399	10973122560	1003492773
400	10988851200	1003534785
401	11006541824	1003507970
402	11023745024	988595341
403	11025711104	992036228
404	11025711104	1004074714
405	11101863936	999889348
406	11102650368	700247171
407	11102781440	1002617774
408	11102781440	1003545806
409	11136335872	1003452645
410	11175788544	1003568871
411	11166089216	1003530906
412	11180113920	1002529514
413	11224154112	1003563328
414	11238965248	1003798910
415	11253252096	1004078206
416	11272724480	994531621
417	11273379840	995847131
418	11273379840	1003650853
419	11306934272	1004069572
420	11340488704	1004072554
421	11363426304	1004071995
422	11343634432	1004078046
423	11387150336	1004072509
424	11402747904	1004078168
425	11417821184	1003082136
426	11479154688	1004073736
427	11448082432	984380858
428	11448082432	1003730865
429	11448082432	1003272976
430	11449393152	1004467729
431	11516502016	1003544423
432	11541798912	1003523270
433	11593179136	1003534175
434	11572600832	1003506061
435	11519090688	1000354630
436	11519614976	683361818
437	11519877120	839552048
438	11566276608	1004078352
439	11609268224	1004073844
440	11647934464	1004073599
441	11667333120	1004072872
442	11650424832	1004063021
443	11693940736	1004064353
444	11708751872	1004051129
445	11723431936	1004074443
446	11738112000	1004078168
447	11776925696	1002515514
448	11779284992	988502065
449	11779284992	1004074616
450	11779284992	1004077761
451	11790688256	1004078008
452	11857797120	1004075339
453	11883749376	1004073153
454	11901181952	1004078322
455	11846356992	998848724
456	11846881280	996427963
457	11872702464	1004346472
458	11910582272	1003073820
459	11961831424	1004077861
460	11986210816	1004077841
461	11965894656	1004078206
462	12009410560	1004077925
463	12022648832	1004078112
464	12038246400	988213139
465	12038508544	1001150537
466	12038508544	1003837167
467	12052008960	1004074584
468	12086218752	1004064365
469	12187406336	1004064017
470	12183605248	1004065078
471	12172333056	1004074074
472	12188192768	1004074498
473	12234194944	1004074291
474	12211990528	996813307
475	12212121600	1002742624
476	12212121600	1003522862
477	12262453248	1003471555
478	12277133312	1003546032
479	12248608768	1002433077
480	12249133056	996857338
481	12249133056	1003415201
482	12307722240	1003368754
483	12355694592	1003506709
484	12371816448	1003557665
485	12356087808	1003581897
486	12399341568	1003604747
487	12414414848	1003392167
488	12429619200	1004034809
489	12528975872	1004061195
490	7349538816	1006039903
491	7492407296	1004074857
492	7548153856	1004067125
493	7657074688	1004065179
494	7758131200	1004073780
495	7824752640	1004058969
496	7901167616	1004062108
497	7957254144	1008181861
498	7970099200	1013981944
499	7983861760	1016579248
500	7996706816	1012475794
501	8009682944	1017632336
502	8023314432	1013846980
503	8036683776	1015227185
504	8050446336	1016198692
505	8064995328	1016318830
506	8077447168	1012475257
507	8090292224	1017086392
508	8103268352	1015219540
509	8116506624	1017400144
510	8131186688	1016717265
511	8144031744	1016711091
512	8157794304	1020020095
513	8173916160	1014616501
514	8185843712	1017008644
515	8196067328	1011190596
516	8207077376	1010621410
517	8219398144	1011716341
518	8231063552	1014337714
519	8243908608	1011797125
520	8255311872	1013539641
521	8265797632	1010183396
522	8278118400	1011165289
523	8289259520	1013949873
524	8300793856	1014789771
525	8302104576	1004114794
526	8303939584	1016601846
527	8306823168	1016329415
528	8308002816	1016584860
529	8309051392	1015286630
530	8310362112	1016038215
531	8311672832	1017378097
532	8314163200	1017069450
533	8315211776	1015225377
534	8316653568	1017562976
535	8318750720	1016727679
536	8320978944	1011642458
537	8326221824	1012482324
538	8327925760	1016180946
539	8330022912	1013412794
540	8331202560	1011732052
541	8332906496	1015948401
542	8334348288	1012427144
543	8336445440	1016593908
544	8338149376	1016661872
545	8340901888	1017635486
546	8342999040	1016007510
547	8345358336	1017293193
548	8347717632	1014643431
549	8349683712	1017983072
550	8351387648	1015762502
551	8353615872	1015536029
552	8355188736	1014762053
553	8359514112	1014059356
554	8367771648	1013455703
555	8381272064	1018449650
556	8396738560	1019683660
557	8409714688	1013605589
558	8423346176	1021917315
559	8436584448	1022055295
560	8450478080	1021809044
561	8465158144	1024864968
562	8478134272	1020468213
563	8490979328	1020685204
564	8504741888	1023182836
565	8517324800	1020144860
566	8529121280	1020793005
567	8540393472	1019561489
568	8566345728	1020583938
569	8579584000	1022311424
570	8591642624	1019905375
571	8610910208	1013648848
572	8621133824	1014673550
573	8633847808	1019951856
574	8647741440	1019958786
575	8660979712	1019647755
576	8673693696	1019558658
577	8686800896	1025226090
578	8700301312	1024797433
579	8712228864	1023475165
580	8723501056	1020103885
581	8736870400	1017836431
582	8747618304	1015851460
583	8758628352	1017355252
584	8758812672	1008059561
585	8759861248	1013793229
586	8761434112	1019142227
587	8763400192	1019885565
588	8765235200	1017427192
589	8768380928	1015119832
590	8769953792	1019480000
591	8771788800	1018443310
592	8774541312	1014189224
593	8776769536	1023504027
594	8778342400	1020253318
595	8779784192	1018626982
596	8782667776	1018901980
597	8792367104	1017001184
598	8794726400	1019096786
599	8796168192	1022075201
600	8797609984	1024989546
601	8803770368	1172748458
602	8808357888	1059504475
603	8808357888	1004065464
604	8858689536	1456560749
605	7548321792	1523508627
606	7162109952	1006185365
607	7338008576	1003061257
608	7378812928	1004062054
609	7466762240	1004072677
610	7556349952	1005067465
611	7633289216	1004078001
612	7681912832	1009838983
613	7698034688	1017074761
614	7713632256	1016664100
615	7730540544	1019112160
616	7745613824	1022835895
617	7760162816	1018970549
618	7771959296	1014234046
619	7785066496	1018205111
620	7800664064	1020438895
621	7818489856	1023904737
622	7835004928	1023134031
623	7849553920	1022132398
624	7862005760	1016801868
625	7874588672	1015394131
626	7887695872	1021169004
627	7901196288	1021486691
628	7916269568	1019940695
629	7930032128	1018929301
630	7942877184	1016907960
631	7948644352	1007775418
632	7950348288	1017798122
633	7952183296	1017192944
634	7953494016	1012747652
635	7956639744	1013062536
636	7960440832	1013931191
637	7961358336	1011316976
638	7962931200	1016466156
639	7964372992	1018528628
640	7966339072	1021915460
641	7968174080	1020093261
642	7969615872	1017104169
643	7971188736	1018058087
644	7973416960	1019139232
645	7975383040	1013057168
646	7979839488	1006482987
647	7981674496	1013289581
648	7985082368	1004088353
649	7989932032	1018082210
650	7990587392	1011463379
651	7990980608	1010108063
652	7991767040	1013478512
653	7993077760	1018731896
654	7999238144	1023650202
655	8009199616	1016211253
656	8022044672	1014946475
657	8033054720	1013387621
658	8046686208	1017331591
659	8059924480	1017118898
660	8073293824	1016834141
661	8086532096	1016117939
662	8098066432	1010764091
663	8114712576	1020469253
664	8127819776	1018160894
665	8140140544	1018640138
666	8153247744	1024142817
667	8166617088	1019008701
668	8178675712	1016642899
669	8191127552	1014636069
670	8205414400	1017700283
671	8221405184	1018734589
672	8234774528	1015295192
673	8248012800	1015323984
674	8262168576	1027393576
675	8275537920	1023816844
676	8287858688	1022093197
677	8300572672	1024066240
678	8313942016	1021468046
679	8325345280	1020955873
680	8345006080	1023882869
681	8345530368	1008661205
682	8347103232	1023525374
683	8348413952	1019391964
684	8350117888	1023707749
685	8351952896	1025540384
686	8353001472	1017686994
687	8356147200	1024943951
688	8358244352	1021204260
689	8360079360	1025360068
690	8361390080	1020053424
691	8362700800	1015954773
692	8364273664	1017292608
693	8365715456	1020359344
694	8367026176	1020679574
695	8368599040	1015424639
696	8370827264	1022853273
697	8372662272	1020256899
698	8376070144	1035288184
699	8391143424	1092730354
700	8458776576	1536173936
701	7035674624	1191145696
702	7230578688	1004058120
703	7259631616	1004074771
704	7339847680	1004078133
705	7446147072	1004078080
706	7534501888	1004078384
707	7611179008	1004078013
708	7663603712	1006650523
709	7676841984	1011899469
710	7692046336	1013284483
711	7704891392	1009948390
712	7722061824	1019633482
713	7736217600	1017258806
714	7751290880	1019791169
715	7764004864	1012062325
716	7779733504	1015520306
717	7794020352	1013686001
718	7808045056	1015035949
719	7822200832	1012338378
720	7835176960	1015932692
721	7849332736	1018364960
722	7864537088	1014596270
723	7879086080	1015758483
724	7893110784	1016048695
725	7907135488	1017198248
726	7917752320	1015614726
727	7927320576	1013649071
728	7941738496	1009565657
729	7953272832	1012224880
730	7967559680	1013872377
731	7974113280	1006542571
732	7981977600	1004074350
733	7996395520	1016921050
734	8009502720	1013369850
735	8024444928	1020166546
736	8039124992	1021489843
737	8051707904	1013540922
738	8052232192	1010209893
739	8054067200	1021557380
740	8055902208	1020720067
741	8057212928	1018950899
742	8058654720	1018625867
743	8060358656	1020725389
744	8062193664	1020877682
745	8063766528	1020495033
746	8069664768	1021734112
747	8071368704	1019317496
748	8073072640	1022115092
749	8080150528	1020219376
750	8081985536	1017804784
751	8083689472	1020953219
752	8086048768	1017324629
753	8087490560	1020051274
754	8089063424	1018797781
755	8091160576	1021358677
756	8092864512	1020009665
757	8094568448	1021388951
758	8096796672	1019530291
759	8099155968	1017502043
760	8100597760	1020593787
761	8103612416	1014666584
762	8105578496	1024402671
763	8107020288	1020495412
764	8108724224	1022731680
765	8120389632	1020266795
766	8132317184	1020051622
767	8144769024	1017880811
768	8157089792	1020585312
769	8170721280	1020078941
770	8183042048	1018170477
771	8195493888	1021464587
772	8207028224	1018725351
773	8226557952	1016900013
774	8238354432	1020215482
775	8250806272	1018673152
776	8264044544	1012691225
777	8284884992	1006424536
778	8310181888	1029664463
779	8320929792	1011112501
780	8336265216	1024756923
781	8345440256	1009286882
782	8361693184	1029922892
783	8372178944	1018007959
784	8382402560	1020039223
785	8393412608	1019403660
786	8403243008	1010503050
787	8416612352	1018498977
788	8431292416	1027847220
789	8445710336	1021584321
790	8457768960	1022979548
791	8472842240	1044950818
792	8489750528	1006339513
793	8511377408	1180266222
794	8591593472	1530547540
795	6913839104	1189628199
796	7105859584	1004073745
797	7134474240	1004065161
798	7215476736	1004064278
799	7328329728	1004012554
800	7407226880	1003493896
801	7498584064	1003451725
802	7552581632	1003679639
803	7566999552	1010005621
804	7580893184	1014291845
805	7595180032	1013870522
806	7609204736	1010379784
807	7623884800	1016040389
808	7636992000	1015622881
809	7652065280	1017309533
810	7665696768	1017605152
811	7678410752	1014314970
812	7692042240	1018282821
813	7708950528	1016121333
814	7723630592	1019682994
815	7738966016	1017158587
816	7751024640	1015913025
817	7763476480	1015380534
818	7777894400	1018038520
819	7791919104	1014367387
820	7806599168	1013746869
821	7820623872	1014079055
822	7834910720	1016636589
823	7848148992	1013142716
824	7861649408	1012808880
825	7874756608	1013824335
826	7885373440	1011359525
827	7888257024	1006516540
828	7890223104	1012923236
829	7892451328	1012838064
830	7902806016	1010153428
831	7908704256	1017316724
832	7910539264	1017426320
833	7912112128	1014645953
834	7913816064	1015689445
835	7915388928	1014833611
836	7917092864	1019644987
837	7918665728	1018110326
838	7920369664	1020301084
839	7922335744	1020959815
840	7924170752	1014342462
841	7925481472	1017950576
842	7927316480	1020470813
843	7928627200	1016941687
844	7930462208	1021264648
845	7932166144	1020442673
846	7933739008	1020318471
847	7935180800	1019335581
848	7936360448	1017592318
849	7937671168	1015083182
850	7939375104	1022895106
851	7940816896	1020445833
852	7948288000	1020691094
853	7962050560	1022780550
854	7974633472	1016775334
855	7988264960	1018181572
856	8007532544	1016218323
857	8019197952	1018037980
858	8031518720	1019792175
859	8045019136	1020121199
860	8058519552	1017472790
861	8072282112	1018526163
862	8085651456	1015766426
863	8095744000	1010743922
864	8107671552	1012965067
865	8119992320	1016692830
866	8132575232	1015143517
867	8145551360	1023436449
868	8159182848	1015435229
869	8172027904	1022225218
870	8188018688	1021132551
871	8201388032	1021425633
872	8213839872	1023195866
873	8224325632	1012028351
874	8236908544	1024521599
875	8251064320	1025189843
876	8263254016	1019201985
877	8281341952	1016880698
878	8300216320	1004077980
879	8306900992	1004077573
880	8326168576	1038869478
881	8338489344	1021012673
882	8358936576	1023179400
883	8356052992	1007688301
884	8358674432	1049622291
885	8358936576	1007061596
886	8412676096	1390268459
887	7131168768	1441025771
888	6879629312	1006231072
889	6987587584	1004066912
890	7053385728	1004078286
891	7161126912	1004072534
892	7268999168	1004077560
893	7359860736	1004078106
894	7442436096	1004078326
895	7510069248	1004076847
896	7524483072	1011277460
897	7538769920	1012199462
898	7553974272	1013644561
899	7567474688	1012766026
900	7580581888	1013429709
901	7597621248	1017044262
902	7611252736	1020021758
903	7626719232	1020566985
904	7641268224	1020869549
905	7656865792	1020760876
906	7671021568	1015436530
907	7684784128	1012832046
908	7698022400	1011984978
909	7710212096	1012880674
910	7724630016	1015265765
911	7738654720	1018655155
912	7752155136	1019859840
913	7765524480	1017576509
914	7779680256	1019026440
915	7793311744	1017938587
916	7807598592	1020322656
917	7825424384	1015802356
918	7838924800	1021751032
919	7852687360	1015071465
920	7871168512	1017902413
921	7885979648	1014357534
922	7900790784	1014721195
923	7913897984	1015017285
924	7928578048	1014407738
925	7941816320	1014972268
926	7954792448	1014046807
927	7960166400	1005404497
928	7965933568	1010498986
929	7967244288	1013889121
930	7968948224	1015417818
931	7970390016	1014529688
932	7971700736	1012612129
933	7973142528	1014976323
934	7974846464	1014412623
935	7976288256	1017410306
936	7977598976	1019421324
937	7979040768	1018718695
938	7980744704	1021734300
939	7982710784	1017494499
940	7985070080	1018068068
941	7986642944	1015068232
942	7988346880	1016019188
943	7990050816	1016540309
944	7992016896	1018856792
945	7993982976	1017917650
946	7995817984	1017086436
947	8006041600	1012342433
948	8010104832	1004931728
949	8022294528	1002463976
950	8025309184	1024326300
951	8026750976	1015250900
952	8028323840	1016278992
953	8029896704	1020880924
954	8031469568	1020598061
955	8032911360	1020528370
956	8034615296	1023205812
957	8035926016	1012731387
958	8037367808	1016032623
959	8039071744	1018034679
960	8046149632	1017507881
961	8057683968	1016790631
962	8070397952	1023801383
963	8081801216	1019210147
964	8094384128	1024591695
965	8106573824	1022899835
966	8118894592	1023372017
967	8132001792	1019576596
968	8143405056	1018031552
969	8155070464	1023889753
970	8167784448	1021084840
971	8180105216	1021122114
972	8192294912	1025799074
973	8212348928	1004108965
974	8227028992	1030416426
975	8239218688	1023765931
976	8247214080	1011024684
977	8259534848	1020736455
978	8286142464	1048640414
979	8286797824	1007551842
980	8333852672	1349575328
981	8414330880	1551711394
982	6667526144	1076316682
983	6840803328	1004074180
984	6882525184	1004067973
985	6970867712	1004057119
986	7080837120	1004068754
987	7156150272	1004062756
988	7246589952	1004073111
989	7282368512	1006824497
990	7296655360	1010819191
991	7310680064	1012532202
992	7324966912	1012440834
993	7338991616	1012755616
994	7353540608	1012998043
995	7367434240	1012535179
996	7381327872	1013050021
997	7399022592	1014941259
998	7412129792	1013755872
999	7426154496	1012948695
1000	7439261696	1013546480
1001	7453286400	1015277110
1002	7467311104	1013659565
1003	7480811520	1014219446
1004	7493918720	1017184828
1005	7509123072	1020195247
1006	7523278848	1018499307
1007	7535992832	1019210625
1008	7549493248	1017366773
1009	7562731520	1018636945
1010	7575707648	1020155961
1011	7589339136	1018210568
1012	7602315264	1018630595
1013	7616077824	1019749652
1014	7633510400	1019633285
1015	7647404032	1019637804
1016	7657889792	1011551552
1017	7659331584	1013155508
1018	7660904448	1020141244
1019	7662870528	1019871026
1020	7664836608	1020009040
1021	7666802688	1019520123
1022	7668899840	1017997457
1023	7670341632	1018980001
1024	7671914496	1018044511
1025	7673487360	1013901463
1026	7675060224	1013324406
1027	7677288448	1015715315
1028	7679385600	1013553253
1029	7680958464	1017312058
1030	7682531328	1016496712
1031	7684235264	1019936249
1032	7686201344	1020580493
1033	7688036352	1020441982
1034	7690264576	1019157672
1035	7692230656	1020323512
1036	7693672448	1020171928
1037	7695638528	1016609278
1038	7697342464	1020339373
1039	7699046400	1018073466
1040	7700750336	1018584865
1041	7702847488	1019856651
1042	7704420352	1017893020
1043	7706386432	1018550005
1044	7714643968	1021556729
1045	7719624704	1019048783
1046	7731945472	1018762365
1047	7744921600	1021698329
1048	7759077376	1016079891
1049	7771136000	1020725170
1050	7783587840	1016850333
1051	7796170752	1015909304
1052	7810064384	1018689775
1053	7824351232	1016915778
1054	7837065216	1021488407
1055	7850303488	1020434147
1056	7931043840	1023602042
1057	7944019968	1022347573
1058	7956602880	1020787638
1059	7970627584	1015110649
1060	7987798016	1019085915
1061	7999463424	1021015670
1062	8011784192	1023116789
1063	8024498176	1020628322
1064	8037081088	1022121186
1065	8049270784	1020617735
1066	8062115840	1024834888
1067	8073650176	1020542146
1068	8097767424	1049252989
1069	8101175296	1007493260
1070	8174706688	1423222439
1071	6503952384	1234561214
1072	6706454528	1004064315
1073	6731182080	1004063654
1074	6807465984	1004068172
1075	6915469312	1004059159
1076	6994878464	1004074308
1077	7085973504	1004060906
1078	7147573248	1004095816
1079	7161729024	1011544126
1080	7174049792	1013592096
1081	7187943424	1010998786
1082	7201968128	1012605177
1083	7215730688	1013631533
1084	7229362176	1015943760
1085	7243255808	1016703292
1086	7256887296	1013837799
1087	7270912000	1018308327
1088	7284805632	1015687482
1089	7298568192	1016475105
1090	7316525056	1017766818
1091	7330287616	1014299616
1092	7344574464	1012665161
1093	7358205952	1017782906
1094	7372492800	1017562512
1095	7386255360	1018714563
1096	7400411136	1018551886
1097	7414304768	1017516330
1098	7429115904	1017328968
1099	7443271680	1013868850
1100	7459262464	1016373876
1101	7472631808	1016254522
1102	7478923264	1006618163
1103	7481020416	1015608122
1104	7482855424	1013142619
1105	7485739008	1010854008
1106	7488884736	1014034562
1107	7490195456	1016088612
1108	7491506176	1016637465
1109	7493079040	1018579420
1110	7494520832	1020186762
1111	7495962624	1017761797
1112	7497404416	1015978696
1113	7498846208	1016280753
1114	7500681216	1016098627
1115	7502778368	1016279197
1116	7505268736	1013653307
1117	7506841600	1016022159
1118	7508545536	1018052553
1119	7516934144	1015095310
1120	7518507008	1017740916
1121	7520342016	1017947082
1122	7521783808	1015569377
1123	7523094528	1015071702
1124	7524405248	1014482826
1125	7527550976	1016164426
1126	7528861696	1015938877
1127	7530434560	1014235632
1128	7539740672	1014967490
1129	7552323584	1016988757
1130	7563726848	1015339890
1131	7577227264	1017268702
1132	7590727680	1016654194
1133	7602917376	1014971741
1134	7616155648	1014693317
1135	7630704640	1012937967
1136	7643549696	1016932602
1137	7656132608	1015451933
1138	7668977664	1017385785
1139	7682347008	1018882580
1140	7695978496	1016533899
1141	7709478912	1020677458
1142	7722323968	1018275009
1143	7734644736	1022611954
1144	7747227648	1019837220
1145	7768330240	1021427183
1146	7781830656	1022252881
1147	7799394304	1020326043
1148	7812239360	1023034080
1149	7892062208	1020698745
1150	7904645120	1022828369
1151	7917621248	1022231022
1152	7930204160	1020921985
1153	7929384960	1009254741
1154	7930957824	1019707681
1155	7932399616	1017036996
1156	7935021056	1020392752
1157	7939215360	1047473952
1158	7967264768	1249685331
1159	8034373632	1540256277
1160	6417825792	1074565726
1161	6580748288	1005067581
1162	6616702976	1004071581
1163	6703996928	1004057250
1164	6812524544	1003894813
1165	6884950016	1004075575
1166	6977355776	1005077769
1167	7024930816	1005278119
1168	7042494464	1013653920
1169	7056125952	1015811521
1170	7069233152	1017754625
1171	7082471424	1017386068
1172	7096496128	1017523139
1173	7110258688	1017287683
1174	7124545536	1016619594
1175	7138308096	1017055179
1176	7152726016	1017586848
1177	7166095360	1016062798
1178	7179857920	1017133938
1179	7194275840	1018933863
1180	7206465536	1016735619
1181	7221014528	1019113102
1182	7234908160	1016026141
1183	7253258240	1017450119
1184	7269511168	1017921655
1185	7283273728	1015433407
1186	7296774144	1013645978
1187	7310536704	1015962335
1188	7325347840	1016547056
1189	7339634688	1023263208
1190	7353921536	1022272484
1191	7364407296	1009055209
1192	7365455872	1014259592
1193	7366766592	1018109956
1194	7368601600	1018100063
1195	7370698752	1014989003
1196	7372664832	1016392583
1197	7374893056	1019322990
1198	7376990208	1017059457
1199	7378563072	1018284106
1200	7380660224	1017392981
1201	7382102016	1018030117
1202	7384199168	1020073000
1203	7386165248	1017216897
1204	7387869184	1013944784
1205	7389573120	1015534440
1206	7391408128	1019009965
1207	7393243136	1021179248
1208	7395471360	1017385950
1209	7397306368	1020940724
1210	7399141376	1018080196
1211	7400845312	1017483110
1212	7403073536	1020700694
1213	7406219264	1014982266
1214	7414607872	1019066923
1215	7415132160	1008109781
1216	7419850752	1021682230
1217	7421292544	1020527815
1218	7426404352	1020247966
1219	7438462976	1019549299
1220	7450652672	1020956451
1221	7462842368	1020136540
1222	7475818496	1019013889
1223	7488139264	1019583574
1224	7500853248	1020628035
1225	7512518656	1016158929
1226	7525363712	1015497061
1227	7538733056	1015452346
1228	7552495616	1017227140
1229	7566127104	1015667001
1230	7579234304	1017133059
1231	7592472576	1014386309
1232	7604924416	1018193943
1233	7618424832	1016003398
1234	7631794176	1018420531
1235	7713058816	1016885753
1236	7729180672	1015016834
1237	7740977152	1020272947
1238	7753297920	1023485847
1239	7765356544	1020305426
1240	7777939456	1022287464
1241	7790260224	1019463755
1242	7802974208	1024843458
1243	7803564032	1011621911
1244	7804350464	1017364731
1245	7807758336	1017040916
1246	7809069056	1020350946
1247	7813263360	1074590735
1248	7823618048	1091449628
1249	7886270464	1542913456
1250	6253363200	1221985018
1251	6448791552	1003062748
1252	6479503360	1005063595
1253	6559850496	1003063043
1254	6667198464	1004078201
1255	6773104640	1005078082
1256	6867021824	1004077966
1257	6946058240	1004078555
1258	7008710656	1004077044
1259	7024566272	1012766323
1260	7039901696	1014691304
1261	7057203200	1020764232
1262	7072145408	1019745161
1263	7085776896	1019063872
1264	7100850176	1021343528
1265	7116185600	1020349113
1266	7134011392	1026633529
1267	7148298240	1019752643
1268	7163764736	1008484198
1269	7181459456	1019435705
1270	7197450240	1014288874
1271	7210688512	1018348607
1272	7223795712	1017441795
1273	7237165056	1016958675
1274	7250403328	1017443830
1275	7263510528	1017401148
1276	7276879872	1018055350
1277	7293788160	1018252568
1278	7306895360	1020038660
1279	7320920064	1021217340
1280	7334289408	1020308344
1281	7348576256	1019296184
1282	7361814528	1018323521
1283	7375708160	1019992840
1284	7389339648	1013613652
1285	7406772224	1017836146
1286	7419748352	1014930638
1287	7432855552	1015827259
1288	7451205632	1018291991
1289	7472439296	1024323923
1290	7486595072	1021979502
1291	7500357632	1016470718
1292	7512154112	1012452808
1293	7513989120	1006429414
1294	7515824128	1020098865
1295	7517265920	1014388900
1296	7519100928	1017824419
1297	7520804864	1019010245
1298	7522246656	1017773543
1299	7524212736	1023732664
1300	7526047744	1023454316
1301	7527882752	1021570066
1302	7529455616	1021560117
1303	7531290624	1022654787
1304	7532732416	1017218303
1305	7534567424	1017755880
1306	7537451008	1015586087
1307	7539679232	1016080710
1308	7541514240	1021245453
1309	7543218176	1022593511
1310	7544922112	1019739632
1311	7546626048	1013983220
1312	7548329984	1018137788
1313	7556587520	1015630850
1314	7558029312	1017268143
1315	7559471104	1016642327
1316	7561175040	1018243180
1317	7563010048	1019338252
1318	7564058624	1014939384
1319	7565369344	1015447971
1320	7568646144	1018586478
1321	7569956864	1016938742
1322	7571791872	1020134727
1323	7573626880	1020137284
1324	7575330816	1018660153
1325	7578476544	1017331901
1326	7579787264	1018104982
1327	7593156608	1017170271
1328	7606919168	1017076674
1329	7620157440	1015712044
1330	7635492864	1019736389
1331	7647551488	1016352815
1332	7660265472	1015332758
1333	7672979456	1017941574
1334	7686479872	1016392193
1335	7698407424	1019532629
1336	7711776768	1021467034
1337	7741530112	1093771094
1338	7741792256	1005261745
1339	7806148608	1451831734
1340	6490099712	1378830927
1341	6159732736	1006088731
1342	6304043008	1004060960
1343	6358687744	1004071817
1344	6464856064	1004077544
1345	6570106880	1004078027
1346	6669082624	1004078183
1347	6749036544	1004078334
1348	6823485440	1004077618
1349	6854152192	1006888349
1350	6871318528	1012166205
1351	6884163584	1013574912
1352	6899499008	1018180373
1353	6913392640	1011591970
1354	6927155200	1013930795
1355	6940000256	1012123923
1356	6955728896	1019063288
1357	6969491456	1019180300
1358	6983778304	1017128473
1359	6998065152	1017904378
1360	7012614144	1018544736
1361	7027687424	1019234083
1362	7042760704	1014538614
1363	7058227200	1017544688
1364	7073169408	1015760493
1365	7087587328	1017808069
1366	7101087744	1014462296
1367	7114457088	1012857567
1368	7127433216	1009603628
1369	7141326848	1013362006
1370	7159152640	1014382183
1371	7173439488	1018256370
1372	7186677760	1014643499
1373	7202013184	1016851134
1374	7214858240	1016617246
1375	7229145088	1021291656
1376	7243300864	1018132376
1377	7245791232	1004086429
1378	7247495168	1017068510
1379	7249854464	1017430758
1380	7251820544	1022369089
1381	7253786624	1021807749
1382	7255359488	1016574179
1383	7257325568	1015416340
1384	7259947008	1015115168
1385	7261519872	1015846782
1386	7263879168	1014736500
1387	7265452032	1015879503
1388	7267155968	1015933068
1389	7269384192	1019530498
1390	7271481344	1018212138
1391	7273185280	1013903227
1392	7275282432	1018522208
1393	7277510656	1016115999
1394	7279214592	1017028835
1395	7281311744	1017650146
1396	7290486784	1013339924
1397	7291666432	1012279991
1398	7293632512	1020966519
1399	7294943232	1018742465
1400	7296647168	1021850530
1401	7298351104	1023138655
1402	7299923968	1021763923
1403	7301758976	1026788352
1404	7305166848	1024094529
1405	7306739712	1020746602
1406	7315521536	1024102293
1407	7328497664	1022467110
1408	7341735936	1023914163
1409	7354843136	1024635613
1410	7371096064	1021387475
1411	7382892544	1018873146
1412	7395606528	1023990706
1413	7408975872	1022473056
1414	7423655936	1023042214
1415	7436107776	1026069619
1416	7448428544	1022678944
1417	7461666816	1024910333
1418	7473594368	1023543847
1419	7487225856	1025598173
1420	7508721664	1025362742
1421	7521959936	1021786934
1422	7535460352	1024055240
1423	7563247616	1129613066
1424	7569932288	1007707984
1425	7602438144	1273565485
1426	7678066688	1582368480
1427	5955592192	1216464582
1428	6152851456	1004062310
1429	6181117952	1004078470
1430	6253076480	1004078049
1431	6356099072	1004061499
1432	6462136320	1004078031
1433	6562164736	1005073205
1434	6638186496	1004065758
1435	6710145024	1004054472
1436	6754443264	1006058229
1437	6767812608	1012370752
1438	6781968384	1012101187
1439	6796255232	1012679401
1440	6812901376	1014588272
1441	6829154304	1014209182
1442	6842130432	1019567014
1443	6855106560	1017984602
1444	6870310912	1019032410
1445	6885384192	1018729872
1446	6900195328	1018392081
1447	6914482176	1015178730
1448	6929948672	1018324038
1449	6945546240	1016072540
1450	6964420608	1015567739
1451	6979756032	1016089957
1452	6992863232	1013707048
1453	7006232576	1014114592
1454	7018815488	1012369638
1455	7033495552	1019292656
1456	7048437760	1018288326
1457	7062986752	1015624692
1458	7077404672	1015815948
1459	7091036160	1013706328
1460	7105191936	1014832301
1461	7119740928	1014376068
1462	7132061696	1013508888
1463	7146086400	1015937006
1464	7163650048	1016403849
1465	7176888320	1015369817
1466	7182393344	1005489129
1467	7183704064	1013545549
1468	7185408000	1016215668
1469	7187111936	1017987769
1470	7188946944	1015325876
1471	7190781952	1017582329
1472	7192485888	1016518813
1473	7195369472	1022423524
1474	7196680192	1017026036
1475	7198384128	1019647864
1476	7200350208	1022622945
1477	7210049536	1018981765
1478	7211753472	1023458130
1479	7213326336	1021577907
1480	7215030272	1022082821
1481	7216340992	1018727097
1482	7218044928	1023185170
1483	7219486720	1019772664
1484	7221321728	1022668195
1485	7222894592	1016900262
1486	7226040320	1018024814
1487	7227744256	1018340856
1488	7229448192	1017842175
1489	7230889984	1016234182
1490	7234560000	1012999240
1491	7238754304	1021408359
1492	7240327168	1015921762
1493	7241768960	1019956318
1494	7243079680	1020696392
1495	7244783616	1024247752
1496	7250288640	1019339681
1497	7261691904	1021392433
1498	7274274816	1023765844
1499	7286464512	1024312968
1500	7299178496	1018526789
1501	7319625728	1024192031
1502	7331946496	1022606675
1503	7344267264	1020148704
1504	7356325888	1022656756
1505	7368908800	1021311110
1506	7382540288	1023913687
1507	7396564992	1019825917
1508	7408099328	1017707957
1509	7421206528	1027196367
1510	7452925952	1135270289
1511	7453188096	1008304657
1512	7499456512	1377655401
1513	7578099712	1545241832
1514	5822787584	1113741198
1515	5999865856	1004077248
1516	6039359488	1004078558
1517	6130585600	1004078078
1518	6238195712	1003078036
1519	6339907584	1004077733
1520	6415376384	1004078277
1521	6505553920	1004077955
1522	6538711040	1007423896
1523	6552997888	1011543086
1524	6567677952	1013209236
1525	6583275520	1017134176
1526	6597955584	1018088209
1527	6610276352	1016837897
1528	6623907840	1020720472
1529	6637539328	1019281701
1530	6652350464	1017184383
1531	6667816960	1015820591
1532	6681186304	1017666060
1533	6693769216	1017925129
1534	6705958912	1017539393
1535	6719721472	1017842052
1536	6736498688	1027086883
1537	6754455552	1019376137
1538	6767300608	1017586802
1539	6782636032	1015078533
1540	6796267520	1019688919
1541	6809243648	1020827655
1542	6822219776	1019359653
1543	6835589120	1017608634
1544	6853152768	1021194152
1545	6866522112	1019722562
1546	6880808960	1019954338
1547	6893260800	1018867777
1548	6906761216	1018943503
1549	6921310208	1017582036
1550	6934941696	1019946655
1551	6948311040	1019375236
1552	6965350400	1018789824
1553	6979375104	1018686195
1554	6992351232	1020267525
1555	7005720576	1019256954
1556	7014371328	1008414634
1557	7015157760	1012180722
1558	7016730624	1018594643
1559	7018172416	1018016519
1560	7020007424	1019052668
1561	7022104576	1019697430
1562	7023677440	1020520585
1563	7026167808	1018486820
1564	7028133888	1019903968
1565	7029706752	1018985048
1566	7031803904	1018894075
1567	7033638912	1020899186
1568	7035867136	1016622173
1569	7037571072	1015932586
1570	7039275008	1018236910
1571	7041503232	1022222147
1572	7043207168	1020874481
1573	7044911104	1018849198
1574	7046746112	1022364843
1575	7048843264	1020180667
1576	7051202560	1020590562
1577	7053037568	1024341017
1578	7056838656	1012935026
1579	7061032960	1026431125
1580	7068635136	1021110211
1581	7070076928	1019015306
1582	7071518720	1016490347
1583	7073353728	1018589829
1584	7074926592	1017424642
1585	7076368384	1014726286
1586	7077810176	1017985437
1587	7079383040	1017549015
1588	7080693760	1015821704
1589	7082004480	1017244413
1590	7082921984	1011681579
1591	7096553472	1025875319
1592	7109005312	1022113839
1593	7121588224	1021867920
1594	7134040064	1022509118
1595	7146360832	1024241995
1596	7168643072	1070366666
1597	7174934528	1007190431
1598	7207702528	1265588072
1599	7291850752	1554889738
1600	5673492480	1132264714
1601	5855158272	1004067344
1602	5893996544	1004063521
1603	5980766208	1004066561
1604	6088769536	1004069011
1605	6192054272	1004056825
1606	6255181824	1004053976
1607	6316388352	1006010521
1608	6330019840	1011625919
1609	6343782400	1011700185
1610	6358593536	1012542195
1611	6372618240	1012078477
1612	6386249728	1012403007
1613	6400012288	1014207597
1614	6413643776	1012372569
1615	6426750976	1013739025
1616	6440120320	1012915604
1617	6453751808	1012607061
1618	6466727936	1013798455
1619	6480752640	1016445806
1620	6493597696	1016124899
1621	6507098112	1017112307
1622	6519025664	1014170534
1623	6531870720	1018391467
1624	6544453632	1015685218
1625	6557691904	1018951495
1626	6570799104	1015207818
1627	6585085952	1019024409
1628	6598586368	1019815780
1629	6611431424	1016110085
1630	6624931840	1017227334
1631	6638825472	1019949524
1632	6652063744	1017534535
1633	6665826304	1019809675
1634	6679064576	1018933556
1635	6695317504	1015027873
1636	6707113984	1012221918
1637	6720090112	1018616523
1638	6732148736	1018261177
1639	6750367744	1018673462
1640	6762688512	1014771905
1641	6774878208	1018643304
1642	6786936832	1017797438
1643	6798471168	1016960074
1644	6803058688	1004096211
1645	6804369408	1015561471
1646	6806859776	1018590193
1647	6808170496	1017563228
1648	6810136576	1021773250
1649	6811840512	1019438345
1650	6813544448	1017165882
1651	6819835904	1020816581
1652	6821408768	1017324485
1653	6825603072	1017427621
1654	6826913792	1017575859
1655	6828224512	1018335777
1656	6829142016	1013189818
1657	6830583808	1020101006
1658	6833991680	1019567337
1659	6835040256	1014734173
1660	6836613120	1020215529
1661	6839234560	1013416382
1662	6840676352	1020221884
1663	6841987072	1017684115
1664	6843297792	1018109713
1665	6844477440	1017721261
1666	6846574592	1013571218
1667	6851424256	1018477010
1668	6852734976	1017373653
1669	6853914624	1016859157
1670	6855225344	1019375454
1671	6856404992	1016620598
1672	6857453568	1015867788
1673	6858764288	1018585823
1674	6859812864	1015645129
1675	6861778944	1014242278
1676	6864400384	1018520406
1677	6865580032	1019002567
1678	6867152896	1020505447
1679	6868725760	1021061824
1680	6876852224	1018824188
1681	6880653312	1017321621
1682	6894940160	1018530812
1683	6906605568	1022306198
1684	6930853888	1074107248
1685	6934654976	1006914223
1686	7008448512	1410898138
1687	5527412736	1207549967
1688	5721137152	1004064248
1689	5751193600	1004085482
1690	5831540736	1005071086
1691	5930631168	1004074755
1692	6034571264	1004063966
1693	6103404544	1004050652
1694	6196858880	1004073590
1695	6211796992	1009276589
1696	6224773120	1012604440
1697	6236700672	1008256115
1698	6249807872	1011321942
1699	6263439360	1012109468
1700	6277857280	1010881537
1701	6290964480	1011967691
1702	6303154176	1010420467
1703	6315737088	1013303852
1704	6329237504	1012775539
1705	6342606848	1016755088
1706	6356238336	1017563892
1707	6370394112	1015068302
1708	6383894528	1011640457
1709	6393987072	1009593320
1710	6406963200	1011816685
1711	6419152896	1010638998
1712	6431997952	1012553362
1713	6445105152	1008820923
1714	6458867712	1011764308
1715	6469877760	1004124265
1716	6480756736	1012031003
1717	6490980352	1009571975
1718	6501728256	1011442155
1719	6513524736	1013654336
1720	6523617280	1011122105
1721	6534627328	1010000318
1722	6546817024	1012682415
1723	6558089216	1016193305
1724	6569361408	1019658176
1725	6580502528	1012814184
1726	6592167936	1015446726
1727	6602784768	1016014046
1728	6613794816	1015453318
1729	6625460224	1017768156
1730	6633717760	1007670947
1731	6635159552	1014817940
1732	6641319936	1017883038
1733	6644072448	1018406362
1734	6644989952	1013692196
1735	6647349248	1016079242
1736	6649053184	1018976982
1737	6650363904	1015494087
1738	6652067840	1016775883
1739	6655082496	1015955198
1740	6657572864	1020108258
1741	6658883584	1016595768
1742	6660325376	1013051895
1743	6662684672	1012147911
1744	6663995392	1013499861
1745	6666485760	1010431739
1746	6670024704	1013365444
1747	6671335424	1014883977
1748	6672515072	1015223108
1749	6673825792	1018626764
1750	6675136512	1017626733
1751	6676447232	1015737908
1752	6678151168	1016001741
1753	6681427968	1004077529
1754	6681821184	1005078175
1755	6682738688	1004077831
1756	6693289984	1006192294
1757	6701678592	1004076886
1758	6701678592	1004077963
1759	6714916864	1004078316
1760	6714916864	1004077772
1761	6721601536	1062568143
1762	6723174400	1020317722
1763	6724747264	1017834385
1764	6726189056	1015548315
1765	6727761920	1014933929
1766	6729072640	1015449301
1767	6730383360	1013671948
1768	6731825152	1016032509
1769	6733398016	1013269889
1770	6744145920	1015151293
1771	6755942400	1016417769
1772	6768132096	1016005710
1773	6780583936	1014647922
1774	6809419776	1088254940
1775	6815449088	1007067380
1776	6880854016	1336894522
1777	5396058112	1220761123
1778	5584408576	1003477748
1779	5617876992	1003500618
1780	5699928064	1003431044
1781	5806489600	1003502681
1782	5913182208	1003448772
1783	6006415360	1003494976
1784	6085451776	1003439591
1785	6134730752	1006302013
1786	6150197248	1022587080
1787	6163828736	1015959446
1788	6177591296	1017761171
1789	6191616000	1017423451
1790	6205378560	1015475897
1791	6222680064	1023649725
1792	6237491200	1017093263
1793	6250991616	1019377280
1794	6265540608	1018893516
1795	6279827456	1017656443
1796	6294900736	1015466909
1797	6306697216	1011257558
1798	6319149056	1016955917
1799	6331600896	1013279083
1800	6344970240	1013466912
1801	6359519232	1013358188
1802	6373937152	1017822660
1803	6385733632	1016693983
1804	6400151552	1017456157
1805	6411948032	1017619656
1806	6429511680	1019940529
1807	6442487808	1020202671
1808	6458478592	1018568197
1809	6470144000	1012812092
1810	6482333696	1015421228
1811	6494523392	1013448971
1812	6506713088	1012868235
1813	6521131008	1015502735
1814	6535155712	1015803847
1815	6549442560	1016410542
1816	6561894400	1014692952
1817	6576181248	1015354499
1818	6588633088	1014376759
1819	6605017088	1016415683
1820	6617337856	1014820366
1821	6630051840	1016138982
1822	6646173696	1016111851
1823	6659805184	1015883290
1824	6670946304	1011765259
1825	6671601664	1007129573
1826	6674354176	1016878344
1827	6676189184	1022863975
1828	6677762048	1020284824
1829	6679728128	1017466721
1830	6681169920	1018581529
1831	6682611712	1017283214
1832	6684839936	1012679624
1833	6686937088	1017594666
1834	6688772096	1014095666
1835	6690607104	1024578649
1836	6692442112	1020753474
1837	6694146048	1023212135
1838	6696243200	1016806887
1839	6698995712	1017240845
1840	6700568576	1017078632
1841	6703452160	1015682077
1842	6704893952	1016255723
1843	6706335744	1016686106
1844	6707515392	1013345776
1845	6710530048	1009590133
1846	6712758272	1011221157
1847	6715641856	1008931281
1848	6717214720	1017646680
1849	6718525440	1017250167
1850	6725996544	1017858581
1851	6727569408	1021809525
1852	6728355840	1013779032
1853	6730452992	1026117740
1854	6731894784	1022927122
1855	6733467648	1021945434
1856	6734909440	1022596370
1857	6736351232	1020418767
1858	6739628032	1022523490
1859	6740545536	1014807540
1860	6746574848	1084421847
1861	6746836992	1006524375
1862	6784585728	1343028856
1863	5598224384	1494314662
1864	5314011136	1006065457
1865	5434376192	1005048708
1866	5498994688	1004058751
1867	5605031936	1004063374
1868	5708840960	1004052473
1869	5815533568	1002441067
1870	5866942464	1003452085
1871	5877686272	1007504796
1872	5889744896	1008253858
1873	5900492800	1007434971
1874	5911502848	1009021414
1875	5922775040	1009154803
1876	5934178304	1007572503
1877	5946499072	1008691961
1878	5975465984	1009440766
1879	5987917824	1007680622
1880	6000631808	1009439785
1881	6017671168	1023656639
1882	6032875520	1017414587
1883	6045327360	1006566513
1884	6064857088	1003420554
1885	6078619648	1006238890
1886	6088450048	1008394507
1887	6096838656	1009408910
1888	6107586560	1010531238
1889	6120824832	1005365441
1890	6128820224	1004060888
1891	6133407744	1004064687
1892	6150578176	1004073169
1893	6160146432	1020812495
1894	6170238976	1012650120
1895	6180462592	1012667382
1896	6192783360	1010508763
1897	6213885952	1014805584
1898	6232891392	1018065639
1899	6250979328	1013920456
1900	6264872960	1016027676
1901	6276800512	1012666357
1902	6287417344	1014594681
1903	6297116672	1006270748
1904	6305505280	1016972262
1905	6315728896	1007990883
1906	6326476800	1010048830
1907	6340501504	1015266299
1908	6354264064	1016623838
1909	6367109120	1013010717
1910	6378250240	1010781671
1911	6389391360	1011247275
1912	6400008192	1008858952
1913	6408658944	1009851459
1914	6417309696	1007934367
1915	6417571840	1005662631
1916	6418489344	1010330271
1917	6419800064	1014111949
1918	6421241856	1016829226
1919	6426615808	1012978357
1920	6428975104	1020645748
1921	6430941184	1016560393
1922	6432251904	1014833801
1923	6433693696	1015057467
1924	6435004416	1015357421
1925	6435790848	1010210917
1926	6436052992	1004062118
1927	6437363712	1013204344
1928	6438019072	1008616544
1929	6438936576	1010927224
1930	6439591936	1008732135
1931	6444703744	1010620920
1932	6444965888	1005805482
1933	6445490176	1007158286
1934	6446800896	1014643400
1935	6448898048	1019130614
1936	6450339840	1015430721
1937	6451519488	1011729076
1938	6453354496	1019319662
1939	6455058432	1015517121
1940	6456631296	1015654621
1941	6458204160	1016001256
1942	6459514880	1013960454
1943	6461218816	1021654888
1944	6462529536	1019072730
1945	6464102400	1020888661
1946	6465413120	1018123632
1947	6466461696	1015893100
1948	6468034560	1020274401
1949	6471835648	1010809222
1950	6473408512	1013789120
1951	6476423168	1016610380
1952	6477996032	1019188329
1953	6479306752	1014772306
1954	6480748544	1016979657
1955	6492413952	1014358408
1956	6510501888	1017698426
1957	6526230528	1014710199
1958	6538551296	1015270664
1959	6551265280	1021658667
1960	6570270720	1069120612
1961	6588489728	1124568627
1962	5629431808	1602931571
1963	5138489344	1013790259
1964	5310455808	1004072489
1965	5353357312	1003066927
1966	5433835520	1003474074
1967	5540265984	1003559376
1968	5621592064	1003497672
1969	5677424640	1005076514
1970	5693022208	1023631155
1971	5706522624	1011474523
1972	5737062400	1011956678
1973	5750038528	1011009555
1974	5763276800	1011488081
1975	5780054016	1014672652
1976	5792112640	1012137075
1977	5806661632	1012271030
1978	5820948480	1013681448
1979	5839298560	1012610832
1980	5855944704	1012655957
1981	5872328704	1012071236
1982	5886222336	1011217902
1983	5902868480	1013252343
1984	5916106752	1010541542
1985	5927641088	1008173678
1986	5940617216	1011454739
1987	5952806912	1011579871
1988	5964603392	1010778073
1989	5977055232	1012815343
1990	5989900288	1014498155
1991	6002745344	1013849001
1992	6016245760	1011691258
1993	6028828672	1013614463
1994	6041018368	1012959156
1995	6053863424	1018021297
1996	6066839552	1016010197
1997	6078767104	1017956251
1998	6095282176	1018676121
1999	6108258304	1016339965
2000	6121889792	1017435988
2001	6134079488	1018428358
2002	6145613824	1015877108
2003	6154002432	1008406909
2004	6154526720	1010213429
2005	6155444224	1015888007
2006	6156886016	1014029266
2007	6157934592	1015432390
2008	6159638528	1015026491
2009	6160556032	1014667870
2010	6164619264	1010794548
2011	6165929984	1015184736
2012	6166978560	1016766926
2013	6168813568	1016703714
2014	6174449664	1017769471
2015	6176022528	1015982219
2016	6177464320	1013393216
2017	6178906112	1014895431
2018	6180347904	1013007621
2019	6183493632	1009814441
2020	6184411136	1011328599
2021	6185984000	1013829391
2022	6187294720	1015808674
2023	6188474368	1012318858
2024	6189654016	1012327434
2025	6192144384	1008220887
2026	6193192960	1012602822
2027	6194241536	1011731334
2028	6195421184	1012790416
2029	6197125120	1010357067
2030	6198566912	1013786332
2031	6200270848	1016679736
2032	6201712640	1016888765
2033	6203416576	1016786709
2034	6204727296	1013857182
2035	6206955520	1015557832
2036	6208135168	1013984508
2037	6209314816	1016198769
2038	6222422016	1016617762
2039	6234873856	1018387524
2040	6246277120	1011813439
2041	6261219328	1016909116
2042	6272622592	1012703712
2043	6285860864	1017207246
2044	6303555584	1016736727
2045	6315745280	1020040778
2046	6333571072	1088927754
2047	6371713024	1314488013
2048	4997165056	1387895255
2049	5037539328	1005519381
2050	5138771968	1003476856
2051	5189492736	1003649942
2052	5204434944	1011284684
2053	5219770368	1010937152
2054	5235105792	1012106253
2055	5247950848	1012371573
2056	5261189120	1011297847
2057	5263286272	1009427906
2058	5265514496	1012741246
2059	5286223872	1011771232
2060	5288321024	1014208825
2061	5290680320	1012531976
2062	5296447488	1014005777
2063	5310078976	1011978924
2064	5325807616	1012482807
2065	5341011968	1010399762
2066	5355823104	1010743969
2067	5370896384	1013545401
2068	5385969664	1018808418
2069	5399732224	1016096274
2070	5416902656	1014300827
2071	5434728448	1012446933
2072	5450194944	1015713457
2073	5454295040	1007302745
2074	5455998976	1017580079
2075	5457440768	1014423643
2076	5458882560	1013372257
2077	5460062208	1013409050
2078	5462028288	1014071656
2079	5463207936	1012817969
2080	5467926528	1014825829
2081	5473693696	1019842429
2082	5474742272	1013608613
2083	5476446208	1020062782
2084	5477494784	1014209496
2085	5478805504	1018048492
2086	5480378368	1018735917
2087	5488766976	1016558669
2088	5502398464	1018883154
2089	5516423168	1021083952
2090	5535952896	1015653800
2091	5551288320	1020837315
2092	5565444096	1018599375
2093	5579862016	1021013934
2094	5593100288	1018981564
2095	5589307392	1015080006
2096	5591011328	1021688589
2097	5592059904	1016754501
2098	5593239552	1017017766
2099	5594681344	1019508321
2100	5595860992	1016955521
2101	5597302784	1019899133
2102	5598089216	1009760497
2103	5600317440	1015444773
2104	5609885696	1013806524
2105	5610934272	1013991227
2106	5612244992	1017163035
2107	5613948928	1017381295
2108	5615521792	1018101027
2109	5616701440	1014811554
2110	5619060736	1016522147
2111	5619978240	1009976458
2112	5621420032	1017113049
2113	5622468608	1012278449
2114	5624827904	1007385492
2115	5634002944	1019083977
2116	5646716928	1015548654
2117	5659693056	1016503683
2118	5672144896	1015839434
2119	5684072448	1014574706
2120	5696655360	1015573338
2121	5701939200	1011493302
2122	5703249920	1016471243
2123	5704822784	1017470920
2124	5705347072	1008667046
2125	5707837440	1013203570
2126	5709279232	1015604159
2127	5711376384	1021166561
2128	5714522112	1028960867
2129	5732872192	1123790960
2130	5820821504	1446210183
2131	4941987840	1058145840
2132	5116575744	1004063875
2133	5157249024	1004078334
2134	5245591552	1004078104
2135	5355429888	1004077667
2136	5456748544	1004078430
2137	5540077568	1004072934
2138	5628157952	1004078137
2139	5699592192	1004077849
2140	5771943936	1004078252
2141	5849538560	1004077777
2142	5913366528	1005131085
2143	5923328000	1010336932
2144	5933944832	1013608277
2145	5944954880	1012936051
2146	5954916352	1008479132
2147	5966712832	1017297587
2148	5977985024	1016097631
2149	5989126144	1013171332
2150	6000660480	1013344281
2151	6011015168	1012875211
2152	6022680576	1013063439
2153	6034608128	1019191189
2154	6045880320	1014498765
2155	6056628224	1011446573
2156	6069473280	1013681656
2157	6081269760	1012703841
2158	6095032320	1012500309
2159	6107877376	1012991639
2160	6120329216	1013158128
2161	6132256768	1013361057
2162	6143922176	1013569134
2163	6155063296	1015926818
2164	6166335488	1013327265
2165	6174724096	1009642853
2166	6175379456	1009606917
2167	6176559104	1014772550
2168	6178131968	1017607638
2169	6179835904	1020753458
2170	6181408768	1019642209
2171	6184423424	1008357129
2172	6187175936	1025814125
2173	6188879872	1020324888
2174	6190583808	1013516640
2175	6192287744	1020720968
2176	6193598464	1015998844
2177	6195040256	1019558551
2178	6196219904	1017417489
2179	6197661696	1016254557
2180	6201987072	1014633357
2181	6203691008	1021254792
2182	6205001728	1017386062
2183	6206705664	1021918394
2184	6208147456	1020438346
2185	6209851392	1021761901
2186	6211424256	1018992946
2187	6212997120	1014795723
2188	6214701056	1017795834
2189	6216011776	1015541205
2190	6218502144	1014220601
2191	6219812864	1019285591
2192	6220861440	1016210910
2193	6222827520	1022257736
2194	6224400384	1021518783
2195	6226497536	1021605787
2196	6227808256	1018803797
2197	6229250048	1018867892
2198	6231216128	1021963286
2199	6234624000	1016320068
2200	6244192256	1016123515
2201	6253498368	1019127923
2202	6262411264	1019409417
2203	6274994176	1017010329
2204	6285742080	1021146165
2205	6295965696	1018919101
2206	6306713600	1021275468
2207	6316150784	1016844005
2208	6328340480	1019714768
2209	6338433024	1006833828
2210	6349180928	1023313399
2211	6358224896	1016452295
2212	6368317440	1019785640
2213	6390861824	1045554728
2214	6396497920	1008167005
2215	6461902848	1449469120
2216	4755914752	1282947339
2217	4962349056	1004073450
2218	4987424768	1004078540
2219	5063315456	1004072211
2220	5171318784	1004077847
2221	5272899584	1004066508
2222	5377888256	1004072241
2223	5442977792	1004067290
2224	5530402816	1004057140
2225	5604982784	1004069990
2226	5674450944	1004078595
2227	5751259136	1004077831
2228	5775765504	1006426905
2229	5787037696	1011852421
2230	5799096320	1012380173
2231	5811286016	1012508276
2232	5822689280	1011436052
2233	5833175040	1012475087
2234	5844054016	1014786273
2235	5855064064	1015835591
2236	5867122688	1013795735
2237	5878132736	1019107791
2238	5898448896	1017214875
2239	5910900736	1014233600
2240	5921910784	1013927838
2241	5934755840	1012562057
2242	5947731968	1016278008
2243	5962936320	1016718121
2244	5973159936	1014590638
2245	5984694272	1015802164
2246	5996621824	1013079994
2247	6008156160	1013091710
2248	6021394432	1013351909
2249	6032928768	1013532498
2250	6042759168	1006751476
2251	6055866368	1014145569
2252	6062026752	1006893056
2253	6064779264	1004078318
2254	6065565696	1010172844
2255	6066745344	1011063768
2256	6067793920	1009773886
2257	6069497856	1015273936
2258	6071070720	1014485889
2259	6072512512	1015389856
2260	6073954304	1017956777
2261	6075527168	1016466895
2262	6076968960	1013741949
2263	6078410752	1014852808
2264	6079852544	1016836595
2265	6081294336	1016506050
2266	6082736128	1014457101
2267	6084177920	1013319582
2268	6088896512	1011662827
2269	6090338304	1013468751
2270	6091517952	1013317613
2271	6093221888	1015306286
2272	6094270464	1011371533
2273	6096236544	1017597450
2274	6097678336	1015484440
2275	6100037632	1014491317
2276	6101217280	1013234997
2277	6103969792	1018258364
2278	6105411584	1014143790
2279	6109343744	1012605066
2280	6110916608	1015939760
2281	6112358400	1015292250
2282	6113931264	1020613160
2283	6115373056	1019952207
2284	6116814848	1020973862
2285	6118256640	1020612072
2286	6119829504	1020810492
2287	6121271296	1022856370
2288	6128349184	1018876318
2289	6139883520	1018380340
2290	6150500352	1014474031
2291	6160330752	1016622198
2292	6171340800	1022736986
2293	6181695488	1022445279
2294	6192705536	1021741924
2295	6204370944	1018770601
2296	6215643136	1020758499
2297	6247100416	1099571843
2298	6251556864	1007442120
2299	6307262464	1451426134
2300	4953325568	1513827265
2301	4674924544	1006368202
2302	4781830144	1004064679
2303	4817215488	1005437925
2304	4831895552	1010423841
2305	4849197056	1011286539
2306	4864663552	1011274012
2307	4879474688	1011294138
2308	4896251904	1010219748
2309	4911456256	1011692402
2310	4922597376	1011464421
2311	4925480960	1012472560
2312	4927053824	1012054506
2313	4945141760	1010407944
2314	4956151808	1004073974
2315	4959297536	1013956365
2316	4962967552	1004073571
2317	4962979840	1004073370
2318	4989063168	1004074352
2319	5008330752	1004074822
2320	5008535552	1023058054
2321	5020856320	1012163807
2322	5031211008	1009629050
2323	5044449280	1011606602
2324	5058080768	1010026493
2325	5071319040	1011860653
2326	5085081600	1012721121
2327	5098319872	1012593368
2328	5102997504	1009794344
2329	5103915008	1009854645
2330	5105225728	1011735808
2331	5106012160	1009884585
2332	5107060736	1011608494
2333	5107978240	1010631416
2334	5109288960	1013806545
2335	5110468608	1012398548
2336	5111779328	1016609004
2337	5112958976	1016100504
2338	5114138624	1014657152
2339	5114925056	1012120250
2340	5116497920	1020337734
2341	5117546496	1014188407
2342	5118988288	1017425042
2343	5131571200	1015567181
2344	5144547328	1014884096
2345	5158309888	1017141102
2346	5171023872	1015357552
2347	5181378560	1006475407
2348	5197762560	1013491967
2349	5197455360	1004072913
2350	5198635008	1015846911
2351	5199814656	1015968882
2352	5200732160	1014520767
2353	5202042880	1017505400
2354	5203353600	1016383510
2355	5204795392	1018833417
2356	5205843968	1017207351
2357	5206368256	1006738412
2358	5208596480	1023729744
2359	5209382912	1014324447
2360	5210693632	1016854219
2361	5211611136	1014945075
2362	5212397568	1013953535
2363	5212790784	1009587444
2364	5213577216	1011672949
2365	5214494720	1013623435
2366	5215412224	1014372827
2367	5218557952	1009047405
2368	5236514816	1004063040
2369	5243985920	1004073748
2370	5260894208	1005074232
2371	5276622848	1004073697
2372	5278064640	1004073638
2373	5281759232	1005073106
2374	5301682176	1056820267
2375	5315969024	1021166149
2376	5327765504	1018475312
2377	5324881920	1012311857
2378	5325799424	1015421378
2379	5326848000	1014660669
2380	5328027648	1017041566
2381	5329207296	1018084532
2382	5330124800	1014931747
2383	5331304448	1018391568
2384	5331828736	1010501910
2385	5333532672	1021983114
2386	5333925888	1006670639
2387	5335498752	1025081872
2388	5336678400	1017681157
2389	5338382336	1023574962
2390	5339561984	1018857684
2391	5340872704	1017384684
2392	5342183424	1022009446
2393	5343363072	1018879752
2394	5344411648	1015606849
2395	5344411648	1005072676
2396	5350703104	1030147090
2397	5352013824	1015815114
2398	5353455616	1022152936
2399	5354242048	1013317227
2400	5362761728	1019278719
2401	5376655360	1019449388
2402	5386616832	1015089908
2403	5394792448	1019849722
2404	5395447808	1012512647
2405	5396889600	1021695434
2406	5406326784	1018537256
2407	5407244288	1015744133
2408	5475532800	1013445502
2409	5475794944	1005073905
2410	5475794944	1004065100
2411	5476188160	1004063285
2412	5476188160	1004066098
2413	5476188160	1004059370
2414	5477761024	1004077990
2415	5477761024	1004070096
2416	5493489664	1053274133
2417	5493489664	1005101307
2418	5538840576	1412360540
2419	4831608832	1420091329
2420	4580470784	1006229676
2421	4766330880	1004058965
2422	4802285568	1004070186
2423	4886040576	1004073455
2424	4995354624	1004064066
2425	5099819008	1004074581
2426	5169758208	1004063989
2427	5259542528	1004064377
2428	5333860352	1004074014
2429	5414731776	1004073861
2430	5482496000	1004064250
2431	5493895168	1007953337
2432	5504249856	1011389243
2433	5515653120	1013242788
2434	5525876736	1012128300
2435	5537411072	1012443228
2436	5548290048	1011145699
2437	5559562240	1007821949
2438	5571883008	1006704206
2439	5583155200	1015714202
2440	5593116672	1011995878
2441	5607010304	1012850751
2442	5618151424	1012484187
2443	5628375040	1012066363
2444	5648035840	1016114890
2445	5659045888	1018381672
2446	5671497728	1017175004
2447	5681590272	1017450430
2448	5692469248	1015399229
2449	5705183232	1015737008
2450	5709115392	1004085596
2451	5710557184	1015685093
2452	5714751488	1015561387
2453	5716062208	1015507630
2454	5717110784	1014017774
2455	5717897216	1012276871
2456	5718814720	1011718242
2457	5720256512	1019667775
2458	5721436160	1014269600
2459	5722091520	1008067809
2460	5727596544	1018336415
2461	5729038336	1008320708
2462	5730742272	1021938169
2463	5732184064	1016184919
2464	5733625856	1016739336
2465	5734674432	1014924873
2466	5735985152	1016598638
2467	5736771584	1012815821
2468	5738082304	1017109001
2469	5739130880	1014709361
2470	5740310528	1014156679
2471	5741096960	1009223220
2472	5742931968	1015591722
2473	5744242688	1013138951
2474	5745815552	1011829737
2475	5746995200	1012064258
2476	5747650560	1007367679
2477	5753548800	1011810022
2478	5754859520	1014685479
2479	5756432384	1015622826
2480	5757349888	1011045304
2481	5759184896	1017867082
2482	5769146368	1017613303
2483	5779238912	1014592454
2484	5789855744	1020634889
2485	5799817216	1018326971
2486	5809516544	1019428043
2487	5819215872	1015288980
2488	5831012352	1015846982
2489	5840318464	1012925460
2490	5849755648	1017569967
2491	5859586048	1014793155
2492	5869154304	1009664171
2493	5880819712	1018720894
2494	5892747264	1019709845
2495	5904674816	1014796649
2496	5915815936	1016528159
2497	5931282432	1015371463
2498	5942030336	1015702189
2499	5954351104	1015305623
2500	5965492224	1012380845
2501	5975846912	1016488264
2502	5985415168	1015005918
2503	5996032000	1014807820
2504	6011498496	1094431579
2505	6026440704	1007823137
2506	6074675200	1256368702
2507	4411379712	1335146462
2508	4624105472	1004073876
2509	4644200448	1004057789
2510	4719304704	1004077897
2511	4826521600	1004078066
2512	4934787072	1004077851
2513	5016965120	1004078478
2514	5108322304	1004077993
2515	5180411904	1004077905
2516	5256302592	1004077460
2517	5335076864	1004078501
2518	5377540096	1005398802
2519	5389860864	1013985625
2520	5402574848	1012912967
2521	5416730624	1015156848
2522	5430231040	1014761011
2523	5442158592	1012914310
2524	5452906496	1014134597
2525	5464571904	1014609720
2526	5475713024	1011697126
2527	5486592000	1012402678
2528	5498781696	1012538716
2529	5509922816	1013048264
2530	5521326080	1013202177
2531	5533646848	1011335030
2532	5547540480	1007560688
2533	5561171968	1014477009
2534	5573623808	1014858242
2535	5583192064	1011879155
2536	5596037120	1016763485
2537	5607964672	1012407796
2538	5608226816	1005493907
2539	5617926144	1012143606
2540	5621071872	1011832808
2541	5622513664	1013886758
2542	5624348672	1018894417
2543	5625921536	1015759612
2544	5627494400	1015631198
2545	5629067264	1013595389
2546	5630771200	1016931238
2547	5632344064	1016198135
2548	5633785856	1013416481
2549	5634834432	1012214442
2550	5636407296	1016305748
2551	5638635520	1012022694
2552	5640601600	1015146133
2553	5642174464	1012755370
2554	5642960896	1008665459
2555	5645189120	1010648545
2556	5647155200	1018367281
2557	5648465920	1014459655
2558	5649907712	1015004291
2559	5651480576	1015834790
2560	5652791296	1014991277
2561	5655805952	1012270659
2562	5658689536	1013261841
2563	5660262400	1016512223
2564	5661704192	1014401059
2565	5665243136	1014950058
2566	5666553856	1019707016
2567	5675466752	1017946625
2568	5688573952	1018138886
2569	5698142208	1019320458
2570	5708103680	1016340406
2571	5718196224	1023295515
2572	5726978048	1016183857
2573	5738512384	1020211850
2574	5748604928	1021225803
2575	5758828544	1018545222
2576	5769445376	1014349427
2577	5778882560	1011285650
2578	5790810112	1017852823
2579	5801951232	1016438073
2580	5811650560	1011717860
2581	5822398464	1015805262
2582	5827903488	1006085308
2583	5838127104	1017274966
2584	5847826432	1016400772
2585	5858443264	1019945981
2586	5869322240	1018832745
2587	5880463360	1021524208
2588	5909561344	1043915063
2589	5909823488	1008608605
2590	5968805888	1500004124
2591	4637802496	1377669068
2592	4360101888	1005685773
2593	4563263488	1004072131
2594	4587290624	1005078543
2595	4659511296	1004064116
2596	4747726848	1004074538
2597	4838035456	1004063929
2598	4913008640	1004063743
2599	4938432512	1005666052
2600	4952064000	1011233811
2601	4962418688	1014707595
2602	4975919104	1013196875
2603	4988895232	1012128686
2604	5000953856	1012752581
2605	5018648576	1015093088
2606	5032935424	1015553797
2607	5047615488	1014233429
2608	5063475200	1010356986
2609	5079334912	1011774839
2610	5090738176	1010415567
2611	5101486080	1012507181
2612	5112627200	1014133120
2613	5124161536	1011493146
2614	5137924096	1010628359
2615	5152342016	1012222238
2616	5165842432	1013572312
2617	5180653568	1012424550
2618	5194153984	1012700701
2619	5208309760	1013833132
2620	5218140160	1009267744
2621	5219057664	1009726995
2622	5220761600	1012791719
2623	5221810176	1010363740
2624	5222989824	1013717265
2625	5226266624	1012498748
2626	5227446272	1013706526
2627	5234262016	1008192251
2628	5235441664	1004087504
2629	5241470976	1004074078
2630	5244092416	1022278249
2631	5245140992	1013739556
2632	5246058496	1011326136
2633	5246976000	1010363845
2634	5249466368	1014320938
2635	5250383872	1012679938
2636	5251694592	1016531709
2637	5252743168	1015105940
2638	5259427840	1006592755
2639	5261000704	1020191555
2640	5261918208	1014686600
2641	5263491072	1018686672
2642	5264539648	1012973296
2643	5265981440	1019249045
2644	5266898944	1012846383
2645	5268996096	1020575827
2646	5280399360	1016391770
2647	5290229760	1017197498
2648	5299273728	1015669868
2649	5307662336	1013515788
2650	5315788800	1013400645
2651	5323915264	1008667769
2652	5334401024	1020494179
2653	5345280000	1020332900
2654	5352882176	1008706439
2655	5364023296	1021245037
2656	5374377984	1016271278
2657	5385388032	1016456441
2658	5396529152	1015003312
2659	5408980992	1014236785
2660	5421694976	1013207516
2661	5435588608	1015166077
2662	5448433664	1011628082
2663	5459574784	1011060720
2664	5470191616	1011632327
2665	5483167744	1011574008
2666	5495750656	1013847226
2667	5507416064	1007694505
2668	5520916480	1013274843
2669	5531271168	1011750364
2670	5545558016	1014822296
2671	5557354496	1009695075
2672	5570461696	1014069717
2673	5590908928	1010198100
2674	5604147200	1018251457
2675	5615157248	1010538315
2676	5625118720	1011166953
2677	5626449920	1006137792
2678	5627629568	1014079296
2679	5628809216	1015399955
2680	5629071360	1007299811
2681	5634838528	1028094932
2682	5634969600	1004797203
2683	5678747648	1265837881
2684	4468408320	1375050778
2685	4271136768	1006081022
2686	4401815552	1004076202
2687	4455202816	1004062472
2688	4559142912	1004073764
2689	4664524800	1004074172
2690	4767940608	1004073833
2691	4836237312	1004064591
2692	4923138048	1004073484
2693	4999159808	1004073579
2694	5069152256	1004074571
2695	5140717568	1004074251
2696	5194977280	1004129559
2697	5206642688	1008256447
2698	5216342016	1010126080
2699	5227614208	1012075554
2700	5242425344	1012528378
2701	5253959680	1013304399
2702	5264969728	1014081761
2703	5278601216	1011533950
2704	5289086976	1012039601
2705	5300228096	1013376451
2706	5316349952	1005241077
2707	5327360000	1008565128
2708	5340598272	1015267681
2709	5352919040	1017535798
2710	5363929088	1014459261
2711	5374808064	1016438289
2712	5389750272	1018021570
2713	5400891392	1016360060
2714	5410721792	1015685686
2715	5421338624	1011446904
2716	5421993984	1006030348
2717	5423304704	1014504369
2718	5424877568	1020065670
2719	5426450432	1016966934
2720	5427761152	1015741900
2721	5429202944	1017373403
2722	5430251520	1013470120
2723	5431693312	1017743520
2724	5433004032	1017794870
2725	5434445824	1018000597
2726	5435887616	1018159776
2727	5437591552	1018322876
2728	5439033344	1018277284
2729	5459611648	1014253177
2730	5461315584	1020532061
2731	5462888448	1019270245
2732	5464330240	1018368241
2733	5465509888	1015660920
2734	5468524544	1014433306
2735	5469966336	1014494712
2736	5471277056	1014041359
2737	5474160640	1015298175
2738	5475995648	1018738527
2739	5477437440	1015158271
2740	5479272448	1015816159
2741	5480845312	1019204103
2742	5483335680	1019319714
2743	5484777472	1017782074
2744	5491462144	1019867325
2745	5501685760	1016912384
2746	5511778304	1017810778
2747	5543759872	1010898466
2748	5553983488	1013767235
2749	5559488512	1006472832
2750	5568663552	1004078962
2751	5579018240	1021317573
2752	5586358272	1010786461
2753	5665787904	1027987901
2754	5676666880	1019406117
2755	5687414784	1020413235
2756	5697900544	1015624888
2757	5708648448	1021366543
2758	5719789568	1020259540
2759	5730799616	1015550146
2760	5742202880	1018674190
2761	5753737216	1019948413
2762	5765402624	1018618571
2763	5777723392	1018983410
2764	5789257728	1014570215
2765	5800792064	1014797250
2766	5811539968	1019683123
2767	5825171456	1047711619
2768	5854138368	1130946143
2769	5854400512	1006741939
2770	5934354432	1453463559
2771	4022861824	1329375429
2772	4124753920	1004068596
2773	4322541568	1004072163
2774	4352335872	1004072873
2775	4417454080	1004072760
2776	4462669824	1005308566
2777	4477087744	1010708932
2778	4492685312	1010742118
2779	4508151808	1010458297
2780	4523094016	1012232176
2781	4537905152	1014403132
2782	4554682368	1015101152
2783	4569624576	1014818509
2784	4583518208	1015167112
2785	4596363264	1011893968
2786	4627820544	1016967195
2787	4641452032	1010081590
2788	4653117440	1012383563
2789	4668321792	1017979117
2790	4682608640	1014625172
2791	4697419776	1013756382
2792	4710133760	1014606437
2793	4724944896	1014228739
2794	4737527808	1015586316
2795	4750766080	1012427505
2796	4764004352	1014480307
2797	4775145472	1015496814
2798	4787335168	1007345862
2799	4806602752	1019051908
2800	4819709952	1015485937
2801	4834127872	1018381190
2802	4841074688	1006188434
2803	4842516480	1013249718
2804	4843827200	1015982737
2805	4845006848	1014252456
2806	4846186496	1017539747
2807	4846710784	1010529028
2808	4847890432	1014284960
2809	4849201152	1014000956
2810	4850249728	1012143954
2811	4851298304	1010755863
2812	4852346880	1012078324
2813	4858114048	1015018772
2814	4862439424	1004097360
2815	4863619072	1010558502
2816	4866240512	1018704831
2817	4867682304	1013641078
2818	4868861952	1012511304
2819	4869517312	1009315294
2820	4870828032	1012340433
2821	4872007680	1013162791
2822	4873187328	1013008078
2823	4874235904	1011788019
2824	4875415552	1012555324
2825	4878954496	1016099795
2826	4890226688	1009752737
2827	4902285312	1015139147
2828	4915916800	1013545674
2829	4930727936	1014955749
2830	4944097280	1014372375
2831	4957728768	1007775188
2832	4972802048	1018585644
2833	4986433536	1019748870
2834	5005176832	1012284606
2835	5019201536	1014896767
2836	5032701952	1015582728
2837	5047513088	1015482976
2838	5062324224	1013494016
2839	5077004288	1015579697
2840	5091684352	1013862106
2841	5093220352	1008058677
2842	5094400000	1014645319
2843	5095317504	1014860085
2844	5096890368	1020122100
2845	5098332160	1019340918
2846	5099773952	1020145258
2847	5100691456	1015318673
2848	5104492544	1019226665
2849	5105934336	1021050395
2850	5107113984	1019106354
2851	5108555776	1021560585
2852	5109735424	1018469493
2853	5110259712	1009941895
2854	5112881152	1015563512
2855	5114191872	1015814598
2856	5126119424	1014645864
2857	5126115328	1013967293
2858	5129916416	1012810405
2859	5130964992	1013110245
2860	5131227136	1004073650
2861	5133979648	1018750163
2862	5134503936	1008479075
2863	5135945728	1018870578
2864	5136863232	1004073221
2865	5138960384	1022881236
2866	5206986752	1014099043
2867	5208428544	1018969975
2868	5209214976	1012212995
2869	5210394624	1016110858
2870	5250633728	1248916758
2871	4228399104	1438307222
2872	3958067200	1006104281
2873	4127150080	1004054971
2874	4170989568	1004482416
2875	4260380672	1004073882
2876	4367990784	1004078091
2877	4438331392	1004078541
2878	4529033216	1004077873
2879	4609249280	1004078179
2880	4680028160	1004078141
2881	4710694912	1006644879
2882	4720656384	1010209364
2883	4729962496	1010834689
2884	4740317184	1009597014
2885	4752506880	1012868658
2886	4764413952	1014773253
2887	4775161856	1014842751
2888	4786434048	1014325425
2889	4796133376	1011351270
2890	4806750208	1011089901
2891	4815925248	1009411922
2892	4826542080	1011588707
2893	4836765696	1013728347
2894	4848562176	1013259744
2895	4856164352	1007815381
2896	4857475072	1010178034
2897	4859179008	1009729328
2898	4862455808	1008149821
2899	4868222976	1009670301
2900	4869795840	1014537048
2901	4872286208	1021971636
2902	4873728000	1017130023
2903	4875169792	1018113245
2904	4876873728	1019280593
2905	4878184448	1015647168
2906	4878708736	1010097030
2907	4879233024	1008649198
2908	4883165184	1010764273
2909	4884475904	1016657744
2910	4885131264	1009991048
2911	4886441984	1015538571
2912	4888014848	1018369152
2913	4889456640	1018131062
2914	4891160576	1020547965
2915	4892471296	1014075754
2916	4894175232	1018259601
2917	4895748096	1018530146
2918	4897058816	1018164183
2919	4905316352	1017708943
2920	4915015680	1019209128
2921	4924059648	1018886709
2922	4932972544	1015355318
2923	4942016512	1016159423
2924	4951322624	1019039079
2925	4965740544	1015737524
2926	4977799168	1019459146
2927	4987891712	1017223333
2928	4997459968	1017624336
2929	5008338944	1021978199
2930	5018955776	1013644812
2931	5028917248	1015851038
2932	5037699072	1017950035
2933	5047136256	1016499819
2934	5056311296	1015700447
2935	5068369920	1018418153
2936	5078593536	1021202065
2937	5088817152	1018159220
2938	5099171840	1019460786
2939	5108871168	1020421318
2940	5120536576	1017288539
2941	5130891264	1019881594
2942	5141377024	1014634694
2943	5159989248	1014057716
2944	5170737152	1016518658
2945	5181485056	1015622390
2946	5192888320	1020030095
2947	5205340160	1018476566
2948	5233913856	1109235317
2949	5234569216	1007450091
2950	5312688128	1537397021
2951	3837227008	1192516215
2952	3942473728	1004077980
2953	4126892032	1004077782
2954	4166823936	1004078457
2955	4247957504	1004078081
2956	4349800448	1004077745
2957	4417667072	1004078075
2958	4460392448	1009935637
2959	4475858944	1010958196
2960	4488966144	1011687497
2961	4503777280	1021190589
2962	4519899136	1012376219
2963	4534710272	1014914324
2964	4551356416	1011102692
2965	4564987904	1012865220
2966	4578488320	1011400658
2967	4597493760	1010823924
2968	4609683456	1011865328
2969	4622659584	1012460768
2970	4637601792	1010635347
2971	4653068288	1013951945
2972	4669059072	1015968767
2973	4686229504	1015278394
2974	4706938880	1016488369
2975	4722143232	1017398889
2976	4737085440	1019543907
2977	4753469440	1020845043
2978	4769329152	1018707900
2979	4787679232	1017068299
2980	4802621440	1018652424
2981	4816908288	1014699645
2982	4833947648	1017161425
2983	4849938432	1014499732
2984	4864880640	1013529606
2985	4880478208	1014684886
2986	4897124352	1017273365
2987	4912066560	1013919467
2988	4930809856	1016034228
2989	4945489920	1015315434
2990	4960694272	1019792562
2991	4972883968	1014287936
2992	4977602560	1006647017
2993	4979044352	1016003431
2994	4980486144	1015558262
2995	4983369728	1018533525
2996	4984287232	1012645927
2997	4985597952	1018965851
2998	4986515456	1013691130
2999	4989136896	1022668480
3000	4990054400	1013607084
3001	4993331200	1011281877
3002	4994641920	1019139259
3003	4996214784	1019311711
3004	4997394432	1018325375
3005	4998836224	1015534720
3006	5000146944	1015446097
3007	5001719808	1014923720
3008	5003030528	1012732024
3009	5004210176	1014570844
3010	5005783040	1007330277
3011	5012992000	1012495505
3012	5014171648	1016543088
3013	5015482368	1016480967
3014	5016530944	1016559585
3015	5016924160	1009255339
3016	5018234880	1019055820
3017	5019283456	1014548653
3018	5020332032	1015863522
3019	5022560256	1007768474
3020	5028589568	1019405869
3021	5029900288	1018909708
3022	5031079936	1016243701
3023	5031604224	1009430946
3024	5032783872	1016934082
3025	5034356736	1019162395
3026	5035143168	1012136360
3027	5036060672	1016155873
3028	5043924992	1020110397
3029	5055197184	1018319951
3030	5068042240	1020907233
3031	5079969792	1022325613
3032	5097140224	1021609963
3033	5107363840	1006146480
3034	5168181248	1433029959
3035	3663167488	1258101261
3036	3879546880	1004077901
3037	3901345792	1004065026
3038	3977760768	1004073820
3039	3998072832	1006492803
3040	4011442176	1010889188
3041	4024418304	1011473367
3042	4037787648	1011056865
3043	4050632704	1011259867
3044	4062167040	1010577117
3045	4076060672	1010781064
3046	4089036800	1008854879
3047	4101619712	1011112606
3048	4112367616	1008755812
3049	4124164096	1010324251
3050	4135698432	1010772151
3051	4147625984	1010416791
3052	4159160320	1010440689
3053	4170432512	1009701786
3054	4183932928	1009705440
3055	4202414080	1010723733
3056	4216438784	1009359868
3057	4232298496	1012571781
3058	4245667840	1010875745
3059	4257464320	1009273215
3060	4269260800	1008499703
3061	4280795136	1011170514
3062	4291936256	1009542029
3063	4296785920	1007058802
3064	4297703424	1010508848
3065	4298752000	1009795584
3066	4300324864	1011705687
3067	4302159872	1012637312
3068	4308189184	1012862409
3069	4309106688	1009569209
3070	4311728128	1015964174
3071	4313300992	1008946301
3072	4335452160	1012856910
3073	4336762880	1011490574
3074	4338728960	1013325881
3075	4340039680	1012707542
3076	4341481472	1014260450
3077	4342923264	1014248495
3078	4343709696	1010573784
3079	4344233984	1007255647
3080	4345413632	1013249302
3081	4346593280	1011014996
3082	4346855424	1008849794
3083	4352753664	1011383674
3084	4366516224	1017861134
3085	4383162368	1016079460
3086	4404396032	1016686741
3087	4424974336	1004062725
3088	4446601216	1034520848
3089	4455251968	1004072372
3090	4468752384	1024595588
3091	4469538816	1012298873
3092	4470456320	1012170572
3093	4471373824	1010749062
3094	4472553472	1012240240
3095	4473602048	1012413013
3096	4474650624	1013520023
3097	4475699200	1012329472
3098	4477009920	1012406450
3099	4478189568	1013475456
3100	4479369216	1013549438
3101	4480417792	1016541812
3102	4481466368	1016118450
3103	4482383872	1014813566
3104	4483432448	1013707251
3105	4484481024	1016366114
3106	4485529600	1013122174
3107	4486316032	1012174041
3108	4487233536	1010601038
3109	4488151040	1011889726
3110	4488937472	1010691560
3111	4489461760	1009032321
3112	4490379264	1011436647
3113	4495360000	1010895996
3114	4496277504	1009375216
3115	4496932864	1010285629
3116	4496932864	1004278492
3117	4497457152	1010101184
3118	4498112512	1013989793
3119	4500471808	1010629832
3120	4515151872	1012801530
3121	4525244416	1010055358
3122	4538220544	1015465180
3123	4549754880	1012287811
3124	4560633856	1010883872
3125	4569153536	1005890823
3126	4576100352	1009296120
3127	4585144320	1005925139
3128	4596154368	1010893374
3129	4604542976	1010121741
3130	4617125888	1010877068
3131	4626563072	1028990884
3132	4660117504	1127821579
3133	3913957376	1299853559
3134	3803987968	1005871483
3135	3822641152	1004074918
3136	3892240384	1004077468
3137	3993296896	1004078695
3138	4101038080	1004077855
3139	4186898432	1004078450
3140	4277075968	1004078038
3141	4346806272	1004077933
3142	4411027456	1004104751
3143	4425052160	1008081733
3144	4439601152	1011239711
3145	4450480128	1011785380
3146	4463849472	1014586833
3147	4477874176	1016539196
3148	4496617472	1013208819
3149	4509724672	1014369003
3150	4522438656	1014674062
3151	4534366208	1015618867
3152	4546555904	1014642898
3153	4556910592	1017458357
3154	4567003136	1016329020
3155	4579454976	1014971123
3156	4592693248	1012176807
3157	4605800448	1015231569
3158	4617334784	1013545630
3159	4631228416	1013977535
3160	4645122048	1016268665
3161	4657442816	1015897252
3162	4670287872	1015631096
3163	4683001856	1011590475
3164	4694929408	1011135741
3165	4707381248	1013878215
3166	4720619520	1013440926
3167	4736479232	1006246339
3168	4754829312	1012198655
3169	4767150080	1012113236
3170	4778291200	1008960625
3171	4782747648	1004490845
3172	4784058368	1010745823
3173	4785631232	1014528612
3174	4786941952	1012120279
3175	4787859456	1006300279
3176	4789563392	1013644716
3177	4790349824	1008578590
3178	4792184832	1016873177
3179	4793626624	1014465259
3180	4794937344	1012756220
3181	4796510208	1014218444
3182	4798083072	1016768584
3183	4799262720	1011898306
3184	4800311296	1011089218
3185	4801622016	1012913555
3186	4806864896	1011163921
3187	4807782400	1010970730
3188	4809224192	1011435854
3189	4810272768	1012597301
3190	4811976704	1015888082
3191	4813025280	1011614193
3192	4814598144	1015364536
3193	4815908864	1014715076
3194	4817350656	1016086148
3195	4818530304	1009982933
3196	4820627456	1012730612
3197	4821676032	1012900118
3198	4822593536	1010487059
3199	4823248896	1009436589
3200	4824952832	1015333034
3201	4826394624	1019149545
3202	4826918912	1009730748
3203	4828884992	1013104985
3204	4829409280	1008702378
3205	4837142528	1074496727
3206	4838715392	1022226974
3207	4872663040	1280477960
3208	3764613120	1472590985
3209	3524124672	1004156563
3210	3335090176	1003179802
3211	3605229568	1004074203
